[[1;34mINFO[m] Scanning for projects...
[[1;34mINFO[m] 
[[1;34mINFO[m] [1m----------< [0;36mes.aos.unex:microservicio2_configuration_server[0;1m >-----------[m
[[1;34mINFO[m] [1mBuilding microservicio2_configuration_server 0.0.1-SNAPSHOT[m
[[1;34mINFO[m] [1m--------------------------------[ jar ]---------------------------------[m
[[1;34mINFO[m] 
[[1;34mINFO[m] [1m--- [0;32mmaven-clean-plugin:3.3.2:clean[m [1m(default-clean)[m @ [36mmicroservicio2_configuration_server[0;1m ---[m
[[1;34mINFO[m] Deleting /home/daniel/Documentos/AOS/AOS_Activties/Actividad02/microservicio2_configuration_server/target
[[1;34mINFO[m] 
[[1;34mINFO[m] [1m--- [0;32mmaven-resources-plugin:3.3.1:resources[m [1m(default-resources)[m @ [36mmicroservicio2_configuration_server[0;1m ---[m
[[1;34mINFO[m] Copying 1 resource from src/main/resources to target/classes
[[1;34mINFO[m] 
[[1;34mINFO[m] [1m--- [0;32mmaven-compiler-plugin:3.13.0:compile[m [1m(default-compile)[m @ [36mmicroservicio2_configuration_server[0;1m ---[m
[[1;34mINFO[m] Recompiling the module because of [1mchanged source code[m.
[[1;34mINFO[m] Compiling 1 source file with javac [debug parameters release 17] to target/classes
[[1;34mINFO[m] 
[[1;34mINFO[m] [1m--- [0;32mmaven-resources-plugin:3.3.1:testResources[m [1m(default-testResources)[m @ [36mmicroservicio2_configuration_server[0;1m ---[m
[[1;34mINFO[m] skip non existing resourceDirectory /home/daniel/Documentos/AOS/AOS_Activties/Actividad02/microservicio2_configuration_server/src/test/resources
[[1;34mINFO[m] 
[[1;34mINFO[m] [1m--- [0;32mmaven-compiler-plugin:3.13.0:testCompile[m [1m(default-testCompile)[m @ [36mmicroservicio2_configuration_server[0;1m ---[m
[[1;34mINFO[m] Recompiling the module because of [1mchanged dependency[m.
[[1;34mINFO[m] Compiling 1 source file with javac [debug parameters release 17] to target/test-classes
[[1;34mINFO[m] 
[[1;34mINFO[m] [1m--- [0;32mmaven-surefire-plugin:3.2.5:test[m [1m(default-test)[m @ [36mmicroservicio2_configuration_server[0;1m ---[m
[[1;34mINFO[m] Using auto detected provider org.apache.maven.surefire.junitplatform.JUnitPlatformProvider
[[1;34mINFO[m] 
[[1;34mINFO[m] -------------------------------------------------------
[[1;34mINFO[m]  T E S T S
[[1;34mINFO[m] -------------------------------------------------------
[[1;34mINFO[m] Running es.aos.unex.microservicio2_configuration_server.[1mMicroservicio2ConfigurationServerApplicationTests[m
02:15:47.233 [main] INFO org.springframework.test.context.support.AnnotationConfigContextLoaderUtils -- Could not detect default configuration classes for test class [es.aos.unex.microservicio2_configuration_server.Microservicio2ConfigurationServerApplicationTests]: Microservicio2ConfigurationServerApplicationTests does not declare any static, non-private, non-final, nested classes annotated with @Configuration.
02:15:47.329 [main] INFO org.springframework.boot.test.context.SpringBootTestContextBootstrapper -- Found @SpringBootConfiguration es.aos.unex.microservicio2_configuration_server.Microservicio2ConfigurationServerApplication for test class es.aos.unex.microservicio2_configuration_server.Microservicio2ConfigurationServerApplicationTests

  .   ____          _            __ _ _
 /\\ / ___'_ __ _ _(_)_ __  __ _ \ \ \ \
( ( )\___ | '_ | '_| | '_ \/ _` | \ \ \ \
 \\/  ___)| |_)| | | | | || (_| |  ) ) ) )
  '  |____| .__|_| |_|_| |_\__, | / / / /
 =========|_|==============|___/=/_/_/_/

 :: Spring Boot ::                (v3.3.5)

2024-11-09T02:15:47.772+01:00  INFO 17740 --- [microservicio2_configuration_server] [           main] icio2ConfigurationServerApplicationTests : Starting Microservicio2ConfigurationServerApplicationTests using Java 17.0.12 with PID 17740 (started by daniel in /home/daniel/Documentos/AOS/AOS_Activties/Actividad02/microservicio2_configuration_server)
2024-11-09T02:15:47.774+01:00  INFO 17740 --- [microservicio2_configuration_server] [           main] icio2ConfigurationServerApplicationTests : No active profile set, falling back to 1 default profile: "default"
2024-11-09T02:15:48.940+01:00  INFO 17740 --- [microservicio2_configuration_server] [           main] o.s.cloud.context.scope.GenericScope     : BeanFactory id=c6a982f4-2158-365f-bc5c-c8fcec3fdef1
2024-11-09T02:15:49.982+01:00  INFO 17740 --- [microservicio2_configuration_server] [           main] icio2ConfigurationServerApplicationTests : Started Microservicio2ConfigurationServerApplicationTests in 2.524 seconds (process running for 3.366)
OpenJDK 64-Bit Server VM warning: Sharing is only supported for boot loader classes because bootstrap classpath has been appended
[[1;34mINFO[m] [1;32mTests run: [0;1;32m1[m, Failures: 0, Errors: 0, Skipped: 0, Time elapsed: 3.551 s -- in es.aos.unex.microservicio2_configuration_server.[1mMicroservicio2ConfigurationServerApplicationTests[m
[[1;34mINFO[m] 
[[1;34mINFO[m] Results:
[[1;34mINFO[m] 
[[1;34mINFO[m] [1;32mTests run: 1, Failures: 0, Errors: 0, Skipped: 0[m
[[1;34mINFO[m] 
[[1;34mINFO[m] 
[[1;34mINFO[m] [1m--- [0;32mmaven-jar-plugin:3.4.2:jar[m [1m(default-jar)[m @ [36mmicroservicio2_configuration_server[0;1m ---[m
[[1;34mINFO[m] Building jar: /home/daniel/Documentos/AOS/AOS_Activties/Actividad02/microservicio2_configuration_server/target/microservicio2_configuration_server-0.0.1-SNAPSHOT.jar
[[1;34mINFO[m] 
[[1;34mINFO[m] [1m--- [0;32mspring-boot-maven-plugin:3.3.5:repackage[m [1m(repackage)[m @ [36mmicroservicio2_configuration_server[0;1m ---[m
[[1;34mINFO[m] Replacing main artifact /home/daniel/Documentos/AOS/AOS_Activties/Actividad02/microservicio2_configuration_server/target/microservicio2_configuration_server-0.0.1-SNAPSHOT.jar with repackaged archive, adding nested dependencies in BOOT-INF/.
[[1;34mINFO[m] The original artifact has been renamed to /home/daniel/Documentos/AOS/AOS_Activties/Actividad02/microservicio2_configuration_server/target/microservicio2_configuration_server-0.0.1-SNAPSHOT.jar.original
[[1;34mINFO[m] [1m------------------------------------------------------------------------[m
[[1;34mINFO[m] [1;32mBUILD SUCCESS[m
[[1;34mINFO[m] [1m------------------------------------------------------------------------[m
[[1;34mINFO[m] Total time:  7.087 s
[[1;34mINFO[m] Finished at: 2024-11-09T02:15:51+01:00
[[1;34mINFO[m] [1m------------------------------------------------------------------------[m
[[1;34mINFO[m] Scanning for projects...
[[1;34mINFO[m] 
[[1;34mINFO[m] [1m----------< [0;36mes.aos.unex:microservicio2_configuration_server[0;1m >-----------[m
[[1;34mINFO[m] [1mBuilding microservicio2_configuration_server 0.0.1-SNAPSHOT[m
[[1;34mINFO[m] [1m--------------------------------[ jar ]---------------------------------[m
[[1;34mINFO[m] 
[[1;34mINFO[m] [1m>>> [0;32mspring-boot-maven-plugin:3.3.5:run[m [1m(default-cli)[0;1m > [0;1mtest-compile[m @ [36mmicroservicio2_configuration_server[0;1m >>>[m
[[1;34mINFO[m] 
[[1;34mINFO[m] [1m--- [0;32mmaven-resources-plugin:3.3.1:resources[m [1m(default-resources)[m @ [36mmicroservicio2_configuration_server[0;1m ---[m
[[1;34mINFO[m] Copying 1 resource from src/main/resources to target/classes
[[1;34mINFO[m] Copying 0 resource from src/main/resources to target/classes
[[1;34mINFO[m] 
[[1;34mINFO[m] [1m--- [0;32mmaven-compiler-plugin:3.13.0:compile[m [1m(default-compile)[m @ [36mmicroservicio2_configuration_server[0;1m ---[m
[[1;34mINFO[m] Nothing to compile - all classes are up to date.
[[1;34mINFO[m] 
[[1;34mINFO[m] [1m--- [0;32mmaven-resources-plugin:3.3.1:testResources[m [1m(default-testResources)[m @ [36mmicroservicio2_configuration_server[0;1m ---[m
[[1;34mINFO[m] skip non existing resourceDirectory /home/daniel/Documentos/AOS/AOS_Activties/Actividad02/microservicio2_configuration_server/src/test/resources
[[1;34mINFO[m] 
[[1;34mINFO[m] [1m--- [0;32mmaven-compiler-plugin:3.13.0:testCompile[m [1m(default-testCompile)[m @ [36mmicroservicio2_configuration_server[0;1m ---[m
[[1;34mINFO[m] Nothing to compile - all classes are up to date.
[[1;34mINFO[m] 
[[1;34mINFO[m] [1m<<< [0;32mspring-boot-maven-plugin:3.3.5:run[m [1m(default-cli)[0;1m < [0;1mtest-compile[m @ [36mmicroservicio2_configuration_server[0;1m <<<[m
[[1;34mINFO[m] 
[[1;34mINFO[m] 
[[1;34mINFO[m] [1m--- [0;32mspring-boot-maven-plugin:3.3.5:run[m [1m(default-cli)[m @ [36mmicroservicio2_configuration_server[0;1m ---[m
[[1;34mINFO[m] Attaching agents: []

  .   ____          _            __ _ _
 /\\ / ___'_ __ _ _(_)_ __  __ _ \ \ \ \
( ( )\___ | '_ | '_| | '_ \/ _` | \ \ \ \
 \\/  ___)| |_)| | | | | || (_| |  ) ) ) )
  '  |____| .__|_| |_|_| |_\__, | / / / /
 =========|_|==============|___/=/_/_/_/

 :: Spring Boot ::                (v3.3.5)

2024-11-09T02:15:54.124+01:00  INFO 17917 --- [microservicio2_configuration_server] [           main] oservicio2ConfigurationServerApplication : Starting Microservicio2ConfigurationServerApplication using Java 17.0.12 with PID 17917 (/home/daniel/Documentos/AOS/AOS_Activties/Actividad02/microservicio2_configuration_server/target/classes started by daniel in /home/daniel/Documentos/AOS/AOS_Activties/Actividad02/microservicio2_configuration_server)
2024-11-09T02:15:54.126+01:00  INFO 17917 --- [microservicio2_configuration_server] [           main] oservicio2ConfigurationServerApplication : No active profile set, falling back to 1 default profile: "default"
2024-11-09T02:15:54.578+01:00  INFO 17917 --- [microservicio2_configuration_server] [           main] o.s.cloud.context.scope.GenericScope     : BeanFactory id=5db26109-2981-3e0e-8aa6-e79377ddd9fa
2024-11-09T02:15:54.735+01:00  INFO 17917 --- [microservicio2_configuration_server] [           main] o.s.b.w.embedded.tomcat.TomcatWebServer  : Tomcat initialized with port 8001 (http)
2024-11-09T02:15:54.743+01:00  INFO 17917 --- [microservicio2_configuration_server] [           main] o.apache.catalina.core.StandardService   : Starting service [Tomcat]
2024-11-09T02:15:54.743+01:00  INFO 17917 --- [microservicio2_configuration_server] [           main] o.apache.catalina.core.StandardEngine    : Starting Servlet engine: [Apache Tomcat/10.1.31]
2024-11-09T02:15:54.780+01:00  INFO 17917 --- [microservicio2_configuration_server] [           main] o.a.c.c.C.[Tomcat].[localhost].[/]       : Initializing Spring embedded WebApplicationContext
2024-11-09T02:15:54.781+01:00  INFO 17917 --- [microservicio2_configuration_server] [           main] w.s.c.ServletWebServerApplicationContext : Root WebApplicationContext: initialization completed in 627 ms
2024-11-09T02:15:55.330+01:00  WARN 17917 --- [microservicio2_configuration_server] [           main] ConfigServletWebServerApplicationContext : Exception encountered during context initialization - cancelling refresh attempt: org.springframework.context.ApplicationContextException: Failed to start bean 'webServerStartStop'
2024-11-09T02:15:55.346+01:00  INFO 17917 --- [microservicio2_configuration_server] [           main] .s.b.a.l.ConditionEvaluationReportLogger : 

Error starting ApplicationContext. To display the condition evaluation report re-run your application with 'debug' enabled.
2024-11-09T02:15:55.358+01:00 ERROR 17917 --- [microservicio2_configuration_server] [           main] o.s.boot.SpringApplication               : Application run failed

org.springframework.context.ApplicationContextException: Failed to start bean 'webServerStartStop'
	at org.springframework.context.support.DefaultLifecycleProcessor.doStart(DefaultLifecycleProcessor.java:288) ~[spring-context-6.1.14.jar:6.1.14]
	at org.springframework.context.support.DefaultLifecycleProcessor$LifecycleGroup.start(DefaultLifecycleProcessor.java:472) ~[spring-context-6.1.14.jar:6.1.14]
	at java.base/java.lang.Iterable.forEach(Iterable.java:75) ~[na:na]
	at org.springframework.context.support.DefaultLifecycleProcessor.startBeans(DefaultLifecycleProcessor.java:257) ~[spring-context-6.1.14.jar:6.1.14]
	at org.springframework.context.support.DefaultLifecycleProcessor.onRefresh(DefaultLifecycleProcessor.java:202) ~[spring-context-6.1.14.jar:6.1.14]
	at org.springframework.context.support.AbstractApplicationContext.finishRefresh(AbstractApplicationContext.java:990) ~[spring-context-6.1.14.jar:6.1.14]
	at org.springframework.context.support.AbstractApplicationContext.refresh(AbstractApplicationContext.java:628) ~[spring-context-6.1.14.jar:6.1.14]
	at org.springframework.boot.web.servlet.context.ServletWebServerApplicationContext.refresh(ServletWebServerApplicationContext.java:146) ~[spring-boot-3.3.5.jar:3.3.5]
	at org.springframework.boot.SpringApplication.refresh(SpringApplication.java:754) ~[spring-boot-3.3.5.jar:3.3.5]
	at org.springframework.boot.SpringApplication.refreshContext(SpringApplication.java:456) ~[spring-boot-3.3.5.jar:3.3.5]
	at org.springframework.boot.SpringApplication.run(SpringApplication.java:335) ~[spring-boot-3.3.5.jar:3.3.5]
	at org.springframework.boot.SpringApplication.run(SpringApplication.java:1363) ~[spring-boot-3.3.5.jar:3.3.5]
	at org.springframework.boot.SpringApplication.run(SpringApplication.java:1352) ~[spring-boot-3.3.5.jar:3.3.5]
	at es.aos.unex.microservicio2_configuration_server.Microservicio2ConfigurationServerApplication.main(Microservicio2ConfigurationServerApplication.java:12) ~[classes/:na]
Caused by: org.springframework.boot.web.server.WebServerException: Unable to start embedded Tomcat server
	at org.springframework.boot.web.embedded.tomcat.TomcatWebServer.start(TomcatWebServer.java:251) ~[spring-boot-3.3.5.jar:3.3.5]
	at org.springframework.boot.web.servlet.context.WebServerStartStopLifecycle.start(WebServerStartStopLifecycle.java:44) ~[spring-boot-3.3.5.jar:3.3.5]
	at org.springframework.context.support.DefaultLifecycleProcessor.doStart(DefaultLifecycleProcessor.java:285) ~[spring-context-6.1.14.jar:6.1.14]
	... 13 common frames omitted
Caused by: java.lang.IllegalArgumentException: standardService.connector.startFailed
	at org.apache.catalina.core.StandardService.addConnector(StandardService.java:222) ~[tomcat-embed-core-10.1.31.jar:10.1.31]
	at org.springframework.boot.web.embedded.tomcat.TomcatWebServer.addPreviouslyRemovedConnectors(TomcatWebServer.java:310) ~[spring-boot-3.3.5.jar:3.3.5]
	at org.springframework.boot.web.embedded.tomcat.TomcatWebServer.start(TomcatWebServer.java:236) ~[spring-boot-3.3.5.jar:3.3.5]
	... 15 common frames omitted
Caused by: org.apache.catalina.LifecycleException: Protocol handler start failed
	at org.apache.catalina.connector.Connector.startInternal(Connector.java:1061) ~[tomcat-embed-core-10.1.31.jar:10.1.31]
	at org.apache.catalina.util.LifecycleBase.start(LifecycleBase.java:164) ~[tomcat-embed-core-10.1.31.jar:10.1.31]
	at org.apache.catalina.core.StandardService.addConnector(StandardService.java:219) ~[tomcat-embed-core-10.1.31.jar:10.1.31]
	... 17 common frames omitted
Caused by: java.net.BindException: La dirección ya se está usando
	at java.base/sun.nio.ch.Net.bind0(Native Method) ~[na:na]
	at java.base/sun.nio.ch.Net.bind(Net.java:555) ~[na:na]
	at java.base/sun.nio.ch.ServerSocketChannelImpl.netBind(ServerSocketChannelImpl.java:337) ~[na:na]
	at java.base/sun.nio.ch.ServerSocketChannelImpl.bind(ServerSocketChannelImpl.java:294) ~[na:na]
	at org.apache.tomcat.util.net.NioEndpoint.initServerSocket(NioEndpoint.java:239) ~[tomcat-embed-core-10.1.31.jar:10.1.31]
	at org.apache.tomcat.util.net.NioEndpoint.bind(NioEndpoint.java:194) ~[tomcat-embed-core-10.1.31.jar:10.1.31]
	at org.apache.tomcat.util.net.AbstractEndpoint.bindWithCleanup(AbstractEndpoint.java:1304) ~[tomcat-embed-core-10.1.31.jar:10.1.31]
	at org.apache.tomcat.util.net.AbstractEndpoint.start(AbstractEndpoint.java:1390) ~[tomcat-embed-core-10.1.31.jar:10.1.31]
	at org.apache.coyote.AbstractProtocol.start(AbstractProtocol.java:644) ~[tomcat-embed-core-10.1.31.jar:10.1.31]
	at org.apache.catalina.connector.Connector.startInternal(Connector.java:1058) ~[tomcat-embed-core-10.1.31.jar:10.1.31]
	... 19 common frames omitted

[[1;34mINFO[m] [1m------------------------------------------------------------------------[m
[[1;34mINFO[m] [1;31mBUILD FAILURE[m
[[1;34mINFO[m] [1m------------------------------------------------------------------------[m
[[1;34mINFO[m] Total time:  2.692 s
[[1;34mINFO[m] Finished at: 2024-11-09T02:15:55+01:00
[[1;34mINFO[m] [1m------------------------------------------------------------------------[m
[[1;31mERROR[m] Failed to execute goal [32morg.springframework.boot:spring-boot-maven-plugin:3.3.5:run[m [1m(default-cli)[m on project [36mmicroservicio2_configuration_server[m: [1;31mProcess terminated with exit code: 1[m -> [1m[Help 1][m
[[1;31mERROR[m] 
[[1;31mERROR[m] To see the full stack trace of the errors, re-run Maven with the [1m-e[m switch.
[[1;31mERROR[m] Re-run Maven using the [1m-X[m switch to enable full debug logging.
[[1;31mERROR[m] 
[[1;31mERROR[m] For more information about the errors and possible solutions, please read the following articles:
[[1;31mERROR[m] [1m[Help 1][m http://cwiki.apache.org/confluence/display/MAVEN/MojoExecutionException
Failed to build microservicio2_configuration_server
